d:\unreal projects\gameengine\snowfallengine\x64\debug\vc142.pdb
d:\unreal projects\gameengine\snowfallengine\x64\debug\vc142.idb
d:\unreal projects\gameengine\snowfallengine\x64\debug\wasapi.obj
d:\unreal projects\gameengine\snowfallengine\x64\debug\vector3d.obj
d:\unreal projects\gameengine\snowfallengine\x64\debug\vector2d.obj
d:\unreal projects\gameengine\snowfallengine\x64\debug\fmodaudio.obj
d:\unreal projects\gameengine\snowfallengine\x64\debug\snowfallengine.pdb
d:\unreal projects\gameengine\snowfallengine\x64\debug\snowfallengine.idb
d:\unreal projects\gameengine\x64\debug\snowfallengine.lib
d:\unreal projects\gameengine\x64\debug\snowfallengine.exe
d:\unreal projects\gameengine\x64\debug\snowfallengine.ilk
d:\unreal projects\gameengine\x64\debug\snowfallengine.pdb
d:\unreal projects\gameengine\snowfallengine\x64\debug\snowfallengine.tlog\cl.command.1.tlog
d:\unreal projects\gameengine\snowfallengine\x64\debug\snowfallengine.tlog\cl.read.1.tlog
d:\unreal projects\gameengine\snowfallengine\x64\debug\snowfallengine.tlog\cl.write.1.tlog
d:\unreal projects\gameengine\snowfallengine\x64\debug\snowfallengine.tlog\lib-link.read.1.tlog
d:\unreal projects\gameengine\snowfallengine\x64\debug\snowfallengine.tlog\lib-link.write.1.tlog
d:\unreal projects\gameengine\snowfallengine\x64\debug\snowfallengine.tlog\lib.command.1.tlog
d:\unreal projects\gameengine\snowfallengine\x64\debug\snowfallengine.tlog\link.command.1.tlog
d:\unreal projects\gameengine\snowfallengine\x64\debug\snowfallengine.tlog\link.read.1.tlog
d:\unreal projects\gameengine\snowfallengine\x64\debug\snowfallengine.tlog\link.write.1.tlog
