c:\users\m017227i\onedrive - staffordshire university\3rd year\gameengine\x64\debug\firelightengine.pdb
c:\users\m017227i\onedrive - staffordshire university\3rd year\gameengine\firelightengine\x64\debug\vector2.obj
c:\users\m017227i\onedrive - staffordshire university\3rd year\gameengine\firelightengine\x64\debug\vertex.obj
c:\users\m017227i\onedrive - staffordshire university\3rd year\gameengine\firelightengine\x64\debug\texture.obj
c:\users\m017227i\onedrive - staffordshire university\3rd year\gameengine\firelightengine\x64\debug\windowcontainer.obj
c:\users\m017227i\onedrive - staffordshire university\3rd year\gameengine\firelightengine\x64\debug\window.obj
c:\users\m017227i\onedrive - staffordshire university\3rd year\gameengine\firelightengine\x64\debug\ddstextureloader.obj
c:\users\m017227i\onedrive - staffordshire university\3rd year\gameengine\firelightengine\x64\debug\engine.obj
c:\users\m017227i\onedrive - staffordshire university\3rd year\gameengine\firelightengine\x64\debug\errormanager.obj
c:\users\m017227i\onedrive - staffordshire university\3rd year\gameengine\firelightengine\x64\debug\graphicshandler.obj
c:\users\m017227i\onedrive - staffordshire university\3rd year\gameengine\firelightengine\x64\debug\adapterreader.obj
c:\users\m017227i\onedrive - staffordshire university\3rd year\gameengine\firelightengine\x64\debug\processinput.obj
c:\users\m017227i\onedrive - staffordshire university\3rd year\gameengine\firelightengine\x64\debug\mouseinput.obj
c:\users\m017227i\onedrive - staffordshire university\3rd year\gameengine\firelightengine\x64\debug\mouseevent.obj
c:\users\m017227i\onedrive - staffordshire university\3rd year\gameengine\firelightengine\x64\debug\keyboardinput.obj
c:\users\m017227i\onedrive - staffordshire university\3rd year\gameengine\firelightengine\x64\debug\keyboardevent.obj
c:\users\m017227i\onedrive - staffordshire university\3rd year\gameengine\firelightengine\x64\debug\controllermanager.obj
c:\users\m017227i\onedrive - staffordshire university\3rd year\gameengine\firelightengine\x64\debug\controllerinput.obj
c:\users\m017227i\onedrive - staffordshire university\3rd year\gameengine\firelightengine\x64\debug\colour.obj
c:\users\m017227i\onedrive - staffordshire university\3rd year\gameengine\firelightengine\x64\debug\mesh.obj
c:\users\m017227i\onedrive - staffordshire university\3rd year\gameengine\firelightengine\x64\debug\model.obj
c:\users\m017227i\onedrive - staffordshire university\3rd year\gameengine\firelightengine\x64\debug\vector4.obj
c:\users\m017227i\onedrive - staffordshire university\3rd year\gameengine\firelightengine\x64\debug\vector3.obj
c:\users\m017227i\onedrive - staffordshire university\3rd year\gameengine\x64\debug\firelightengine.lib
c:\users\m017227i\onedrive - staffordshire university\3rd year\gameengine\firelightengine\x64\debug\firelightengine.tlog\cl.command.1.tlog
c:\users\m017227i\onedrive - staffordshire university\3rd year\gameengine\firelightengine\x64\debug\firelightengine.tlog\cl.read.1.tlog
c:\users\m017227i\onedrive - staffordshire university\3rd year\gameengine\firelightengine\x64\debug\firelightengine.tlog\cl.write.1.tlog
c:\users\m017227i\onedrive - staffordshire university\3rd year\gameengine\firelightengine\x64\debug\firelightengine.tlog\lib-link.read.1.tlog
c:\users\m017227i\onedrive - staffordshire university\3rd year\gameengine\firelightengine\x64\debug\firelightengine.tlog\lib-link.write.1.tlog
c:\users\m017227i\onedrive - staffordshire university\3rd year\gameengine\firelightengine\x64\debug\firelightengine.tlog\lib.command.1.tlog
